<?xml version="1.0" encoding="UTF-8"?>
<!-- Generated by org.testng.reporters.JUnitXMLReporter -->
<testsuite ignored="0" hostname="DESKTOP-EF44SBG" failures="0" tests="4" name="Default test" time="79.693" errors="0" timestamp="2024-12-07T19:53:20 IST">
  <testcase classname="test.CartPageTest" name="verifyByAddingMultipleProductsToCart" time="13.857"/>
  <testcase classname="test.CartPageTest" name="VerifyOnChangingProductQuantityCorrectAmountIsDisplyed" time="7.953"/>
  <testcase classname="test.CartPageTest" name="verifyByRemovingProductFromCart" time="26.416"/>
  <testcase classname="test.CartPageTest" name="VerifyTotalAmountForMultipleProductsInCart" time="14.876"/>
</testsuite> <!-- Default test -->
