<?xml version="1.0" encoding="UTF-8"?>
<!-- Generated by org.testng.reporters.JUnitXMLReporter -->
<testsuite ignored="0" hostname="DESKTOP-EF44SBG" failures="0" tests="12" name="Test" time="146.252" errors="0" timestamp="2024-12-07T20:48:35 IST">
  <testcase classname="test.CartPageTest" name="verifyByAddingMultipleProductsToCart" time="14.684"/>
  <testcase classname="test.CartPageTest" name="verifyOnChangingProductQuantityCorrectAmountIsDisplyed" time="7.995"/>
  <testcase classname="test.CartPageTest" name="verifyByRemovingProductFromCart" time="26.013"/>
  <testcase classname="test.CartPageTest" name="verifyTotalAmountForMultipleProductsInCart" time="15.036"/>
  <testcase classname="test.ProductDetailsPageTest" name="verifyProductDetailsAreCorrectIfViewInNewTab" time="2.912"/>
  <testcase classname="test.ProductDetailsPageTest" name="verifyByAddingProductToCartUsingProductDetailPage" time="4.103"/>
  <testcase classname="test.HomePageTest" name="searchAValidProduct" time="2.065"/>
  <testcase classname="test.HomePageTest" name="searchInvalidProduct" time="1.567"/>
  <testcase classname="test.HomePageTest" name="verifyShoppingCategoriesDropdownList" time="0.44"/>
  <testcase classname="test.QuickViewPopupTest" name="verifyIfProdutDetailsAreCorrcetIfViewInQuickView" time="2.543"/>
  <testcase classname="test.QuickViewPopupTest" name="verifyByAddingProductToCartUsingQuickView" time="2.585"/>
  <testcase classname="test.SortFilterTest" name="verifySortFeature" time="19.906"/>
</testsuite> <!-- Test -->
